<?xml version="1.0" encoding="UTF-8"?>
<testsuite xmlns:xsi="http://www.w3.org/2001/XMLSchema-instance" xsi:noNamespaceSchemaLocation="https://maven.apache.org/surefire/maven-surefire-plugin/xsd/surefire-test-report.xsd" name="TestSuite" time="416.445" tests="24" errors="0" skipped="0" failures="7">
  <properties>
    <property name="sun.desktop" value="windows"/>
    <property name="awt.toolkit" value="sun.awt.windows.WToolkit"/>
    <property name="file.encoding.pkg" value="sun.io"/>
    <property name="java.specification.version" value="1.8"/>
    <property name="sun.cpu.isalist" value="amd64"/>
    <property name="sun.jnu.encoding" value="Cp1252"/>
    <property name="java.class.path" value="C:\Users\91777\eclipse-workspace\ExpediaProject\target\test-classes;C:\Users\91777\eclipse-workspace\ExpediaProject\target\classes;C:\Users\91777\.m2\repository\org\seleniumhq\selenium\selenium-java\3.141.59\selenium-java-3.141.59.jar;C:\Users\91777\.m2\repository\org\seleniumhq\selenium\selenium-api\3.141.59\selenium-api-3.141.59.jar;C:\Users\91777\.m2\repository\org\seleniumhq\selenium\selenium-chrome-driver\3.141.59\selenium-chrome-driver-3.141.59.jar;C:\Users\91777\.m2\repository\org\seleniumhq\selenium\selenium-edge-driver\3.141.59\selenium-edge-driver-3.141.59.jar;C:\Users\91777\.m2\repository\org\seleniumhq\selenium\selenium-firefox-driver\3.141.59\selenium-firefox-driver-3.141.59.jar;C:\Users\91777\.m2\repository\org\seleniumhq\selenium\selenium-ie-driver\3.141.59\selenium-ie-driver-3.141.59.jar;C:\Users\91777\.m2\repository\org\seleniumhq\selenium\selenium-opera-driver\3.141.59\selenium-opera-driver-3.141.59.jar;C:\Users\91777\.m2\repository\org\seleniumhq\selenium\selenium-remote-driver\3.141.59\selenium-remote-driver-3.141.59.jar;C:\Users\91777\.m2\repository\org\seleniumhq\selenium\selenium-safari-driver\3.141.59\selenium-safari-driver-3.141.59.jar;C:\Users\91777\.m2\repository\org\seleniumhq\selenium\selenium-support\3.141.59\selenium-support-3.141.59.jar;C:\Users\91777\.m2\repository\net\bytebuddy\byte-buddy\1.8.15\byte-buddy-1.8.15.jar;C:\Users\91777\.m2\repository\org\apache\commons\commons-exec\1.3\commons-exec-1.3.jar;C:\Users\91777\.m2\repository\com\google\guava\guava\25.0-jre\guava-25.0-jre.jar;C:\Users\91777\.m2\repository\com\google\code\findbugs\jsr305\1.3.9\jsr305-1.3.9.jar;C:\Users\91777\.m2\repository\org\checkerframework\checker-compat-qual\2.0.0\checker-compat-qual-2.0.0.jar;C:\Users\91777\.m2\repository\com\google\errorprone\error_prone_annotations\2.1.3\error_prone_annotations-2.1.3.jar;C:\Users\91777\.m2\repository\com\google\j2objc\j2objc-annotations\1.1\j2objc-annotations-1.1.jar;C:\Users\91777\.m2\repository\org\codehaus\mojo\animal-sniffer-annotations\1.14\animal-sniffer-annotations-1.14.jar;C:\Users\91777\.m2\repository\com\squareup\okhttp3\okhttp\3.11.0\okhttp-3.11.0.jar;C:\Users\91777\.m2\repository\com\squareup\okio\okio\1.14.0\okio-1.14.0.jar;C:\Users\91777\.m2\repository\org\testng\testng\6.14.3\testng-6.14.3.jar;C:\Users\91777\.m2\repository\com\beust\jcommander\1.72\jcommander-1.72.jar;C:\Users\91777\.m2\repository\org\apache-extras\beanshell\bsh\2.0b6\bsh-2.0b6.jar;C:\Users\91777\.m2\repository\com\aventstack\extentreports\3.1.5\extentreports-3.1.5.jar;C:\Users\91777\.m2\repository\org\freemarker\freemarker\2.3.23\freemarker-2.3.23.jar;C:\Users\91777\.m2\repository\org\mongodb\mongodb-driver\3.3.0\mongodb-driver-3.3.0.jar;C:\Users\91777\.m2\repository\org\mongodb\bson\3.3.0\bson-3.3.0.jar;C:\Users\91777\.m2\repository\org\mongodb\mongodb-driver-core\3.3.0\mongodb-driver-core-3.3.0.jar;C:\Users\91777\.m2\repository\org\apache\httpcomponents\httpclient\4.5.2\httpclient-4.5.2.jar;C:\Users\91777\.m2\repository\org\apache\httpcomponents\httpcore\4.4.4\httpcore-4.4.4.jar;C:\Users\91777\.m2\repository\commons-logging\commons-logging\1.2\commons-logging-1.2.jar;C:\Users\91777\.m2\repository\org\apache\httpcomponents\httpmime\4.5.2\httpmime-4.5.2.jar;C:\Users\91777\.m2\repository\org\jsoup\jsoup\1.9.2\jsoup-1.9.2.jar;C:\Users\91777\.m2\repository\com\google\code\gson\gson\2.8.0\gson-2.8.0.jar;C:\Users\91777\.m2\repository\io\qameta\allure\allure-testng\2.13.5\allure-testng-2.13.5.jar;C:\Users\91777\.m2\repository\io\qameta\allure\allure-java-commons\2.13.5\allure-java-commons-2.13.5.jar;C:\Users\91777\.m2\repository\io\qameta\allure\allure-model\2.13.5\allure-model-2.13.5.jar;C:\Users\91777\.m2\repository\org\slf4j\slf4j-api\1.7.30\slf4j-api-1.7.30.jar;C:\Users\91777\.m2\repository\com\fasterxml\jackson\core\jackson-databind\2.9.8\jackson-databind-2.9.8.jar;C:\Users\91777\.m2\repository\com\fasterxml\jackson\core\jackson-annotations\2.9.0\jackson-annotations-2.9.0.jar;C:\Users\91777\.m2\repository\com\fasterxml\jackson\core\jackson-core\2.9.8\jackson-core-2.9.8.jar;C:\Users\91777\.m2\repository\org\apache\tika\tika-core\1.20\tika-core-1.20.jar;C:\Users\91777\.m2\repository\org\jooq\joor-java-8\0.9.10\joor-java-8-0.9.10.jar;C:\Users\91777\.m2\repository\org\apache\poi\poi\4.1.1\poi-4.1.1.jar;C:\Users\91777\.m2\repository\commons-codec\commons-codec\1.13\commons-codec-1.13.jar;C:\Users\91777\.m2\repository\org\apache\commons\commons-collections4\4.4\commons-collections4-4.4.jar;C:\Users\91777\.m2\repository\org\apache\commons\commons-math3\3.6.1\commons-math3-3.6.1.jar;C:\Users\91777\.m2\repository\org\apache\poi\poi-ooxml\4.1.1\poi-ooxml-4.1.1.jar;C:\Users\91777\.m2\repository\org\apache\poi\poi-ooxml-schemas\4.1.1\poi-ooxml-schemas-4.1.1.jar;C:\Users\91777\.m2\repository\org\apache\xmlbeans\xmlbeans\3.1.0\xmlbeans-3.1.0.jar;C:\Users\91777\.m2\repository\org\apache\commons\commons-compress\1.19\commons-compress-1.19.jar;C:\Users\91777\.m2\repository\com\github\virtuald\curvesapi\1.06\curvesapi-1.06.jar;C:\Users\91777\.m2\repository\com\opencsv\opencsv\4.6\opencsv-4.6.jar;C:\Users\91777\.m2\repository\org\apache\commons\commons-lang3\3.8.1\commons-lang3-3.8.1.jar;C:\Users\91777\.m2\repository\org\apache\commons\commons-text\1.3\commons-text-1.3.jar;C:\Users\91777\.m2\repository\commons-beanutils\commons-beanutils\1.9.3\commons-beanutils-1.9.3.jar;C:\Users\91777\.m2\repository\commons-collections\commons-collections\3.2.2\commons-collections-3.2.2.jar;"/>
    <property name="java.vm.vendor" value="Oracle Corporation"/>
    <property name="sun.arch.data.model" value="64"/>
    <property name="user.variant" value=""/>
    <property name="java.vendor.url" value="http://java.oracle.com/"/>
    <property name="user.timezone" value="Asia/Calcutta"/>
    <property name="java.vm.specification.version" value="1.8"/>
    <property name="os.name" value="Windows 10"/>
    <property name="user.country" value="IN"/>
    <property name="sun.java.launcher" value="SUN_STANDARD"/>
    <property name="sun.boot.library.path" value="C:\Program Files\Java\jdk1.8.0_281\jre\bin"/>
    <property name="sun.java.command" value="C:\Users\91777\AppData\Local\Temp\surefire4686308379724814922\surefirebooter8613510686202265234.jar C:\Users\91777\AppData\Local\Temp\surefire4686308379724814922 2021-04-03T09-35-04_553-jvmRun1 surefire8394133765808301676tmp surefire_06756748999795301669tmp"/>
    <property name="surefire.test.class.path" value="C:\Users\91777\eclipse-workspace\ExpediaProject\target\test-classes;C:\Users\91777\eclipse-workspace\ExpediaProject\target\classes;C:\Users\91777\.m2\repository\org\seleniumhq\selenium\selenium-java\3.141.59\selenium-java-3.141.59.jar;C:\Users\91777\.m2\repository\org\seleniumhq\selenium\selenium-api\3.141.59\selenium-api-3.141.59.jar;C:\Users\91777\.m2\repository\org\seleniumhq\selenium\selenium-chrome-driver\3.141.59\selenium-chrome-driver-3.141.59.jar;C:\Users\91777\.m2\repository\org\seleniumhq\selenium\selenium-edge-driver\3.141.59\selenium-edge-driver-3.141.59.jar;C:\Users\91777\.m2\repository\org\seleniumhq\selenium\selenium-firefox-driver\3.141.59\selenium-firefox-driver-3.141.59.jar;C:\Users\91777\.m2\repository\org\seleniumhq\selenium\selenium-ie-driver\3.141.59\selenium-ie-driver-3.141.59.jar;C:\Users\91777\.m2\repository\org\seleniumhq\selenium\selenium-opera-driver\3.141.59\selenium-opera-driver-3.141.59.jar;C:\Users\91777\.m2\repository\org\seleniumhq\selenium\selenium-remote-driver\3.141.59\selenium-remote-driver-3.141.59.jar;C:\Users\91777\.m2\repository\org\seleniumhq\selenium\selenium-safari-driver\3.141.59\selenium-safari-driver-3.141.59.jar;C:\Users\91777\.m2\repository\org\seleniumhq\selenium\selenium-support\3.141.59\selenium-support-3.141.59.jar;C:\Users\91777\.m2\repository\net\bytebuddy\byte-buddy\1.8.15\byte-buddy-1.8.15.jar;C:\Users\91777\.m2\repository\org\apache\commons\commons-exec\1.3\commons-exec-1.3.jar;C:\Users\91777\.m2\repository\com\google\guava\guava\25.0-jre\guava-25.0-jre.jar;C:\Users\91777\.m2\repository\com\google\code\findbugs\jsr305\1.3.9\jsr305-1.3.9.jar;C:\Users\91777\.m2\repository\org\checkerframework\checker-compat-qual\2.0.0\checker-compat-qual-2.0.0.jar;C:\Users\91777\.m2\repository\com\google\errorprone\error_prone_annotations\2.1.3\error_prone_annotations-2.1.3.jar;C:\Users\91777\.m2\repository\com\google\j2objc\j2objc-annotations\1.1\j2objc-annotations-1.1.jar;C:\Users\91777\.m2\repository\org\codehaus\mojo\animal-sniffer-annotations\1.14\animal-sniffer-annotations-1.14.jar;C:\Users\91777\.m2\repository\com\squareup\okhttp3\okhttp\3.11.0\okhttp-3.11.0.jar;C:\Users\91777\.m2\repository\com\squareup\okio\okio\1.14.0\okio-1.14.0.jar;C:\Users\91777\.m2\repository\org\testng\testng\6.14.3\testng-6.14.3.jar;C:\Users\91777\.m2\repository\com\beust\jcommander\1.72\jcommander-1.72.jar;C:\Users\91777\.m2\repository\org\apache-extras\beanshell\bsh\2.0b6\bsh-2.0b6.jar;C:\Users\91777\.m2\repository\com\aventstack\extentreports\3.1.5\extentreports-3.1.5.jar;C:\Users\91777\.m2\repository\org\freemarker\freemarker\2.3.23\freemarker-2.3.23.jar;C:\Users\91777\.m2\repository\org\mongodb\mongodb-driver\3.3.0\mongodb-driver-3.3.0.jar;C:\Users\91777\.m2\repository\org\mongodb\bson\3.3.0\bson-3.3.0.jar;C:\Users\91777\.m2\repository\org\mongodb\mongodb-driver-core\3.3.0\mongodb-driver-core-3.3.0.jar;C:\Users\91777\.m2\repository\org\apache\httpcomponents\httpclient\4.5.2\httpclient-4.5.2.jar;C:\Users\91777\.m2\repository\org\apache\httpcomponents\httpcore\4.4.4\httpcore-4.4.4.jar;C:\Users\91777\.m2\repository\commons-logging\commons-logging\1.2\commons-logging-1.2.jar;C:\Users\91777\.m2\repository\org\apache\httpcomponents\httpmime\4.5.2\httpmime-4.5.2.jar;C:\Users\91777\.m2\repository\org\jsoup\jsoup\1.9.2\jsoup-1.9.2.jar;C:\Users\91777\.m2\repository\com\google\code\gson\gson\2.8.0\gson-2.8.0.jar;C:\Users\91777\.m2\repository\io\qameta\allure\allure-testng\2.13.5\allure-testng-2.13.5.jar;C:\Users\91777\.m2\repository\io\qameta\allure\allure-java-commons\2.13.5\allure-java-commons-2.13.5.jar;C:\Users\91777\.m2\repository\io\qameta\allure\allure-model\2.13.5\allure-model-2.13.5.jar;C:\Users\91777\.m2\repository\org\slf4j\slf4j-api\1.7.30\slf4j-api-1.7.30.jar;C:\Users\91777\.m2\repository\com\fasterxml\jackson\core\jackson-databind\2.9.8\jackson-databind-2.9.8.jar;C:\Users\91777\.m2\repository\com\fasterxml\jackson\core\jackson-annotations\2.9.0\jackson-annotations-2.9.0.jar;C:\Users\91777\.m2\repository\com\fasterxml\jackson\core\jackson-core\2.9.8\jackson-core-2.9.8.jar;C:\Users\91777\.m2\repository\org\apache\tika\tika-core\1.20\tika-core-1.20.jar;C:\Users\91777\.m2\repository\org\jooq\joor-java-8\0.9.10\joor-java-8-0.9.10.jar;C:\Users\91777\.m2\repository\org\apache\poi\poi\4.1.1\poi-4.1.1.jar;C:\Users\91777\.m2\repository\commons-codec\commons-codec\1.13\commons-codec-1.13.jar;C:\Users\91777\.m2\repository\org\apache\commons\commons-collections4\4.4\commons-collections4-4.4.jar;C:\Users\91777\.m2\repository\org\apache\commons\commons-math3\3.6.1\commons-math3-3.6.1.jar;C:\Users\91777\.m2\repository\org\apache\poi\poi-ooxml\4.1.1\poi-ooxml-4.1.1.jar;C:\Users\91777\.m2\repository\org\apache\poi\poi-ooxml-schemas\4.1.1\poi-ooxml-schemas-4.1.1.jar;C:\Users\91777\.m2\repository\org\apache\xmlbeans\xmlbeans\3.1.0\xmlbeans-3.1.0.jar;C:\Users\91777\.m2\repository\org\apache\commons\commons-compress\1.19\commons-compress-1.19.jar;C:\Users\91777\.m2\repository\com\github\virtuald\curvesapi\1.06\curvesapi-1.06.jar;C:\Users\91777\.m2\repository\com\opencsv\opencsv\4.6\opencsv-4.6.jar;C:\Users\91777\.m2\repository\org\apache\commons\commons-lang3\3.8.1\commons-lang3-3.8.1.jar;C:\Users\91777\.m2\repository\org\apache\commons\commons-text\1.3\commons-text-1.3.jar;C:\Users\91777\.m2\repository\commons-beanutils\commons-beanutils\1.9.3\commons-beanutils-1.9.3.jar;C:\Users\91777\.m2\repository\commons-collections\commons-collections\3.2.2\commons-collections-3.2.2.jar;"/>
    <property name="sun.cpu.endian" value="little"/>
    <property name="user.home" value="C:\Users\91777"/>
    <property name="user.language" value="en"/>
    <property name="java.specification.vendor" value="Oracle Corporation"/>
    <property name="java.home" value="C:\Program Files\Java\jdk1.8.0_281\jre"/>
    <property name="basedir" value="C:\Users\91777\eclipse-workspace\ExpediaProject"/>
    <property name="file.separator" value="\"/>
    <property name="line.separator" value="&#10;"/>
    <property name="java.vm.specification.vendor" value="Oracle Corporation"/>
    <property name="java.specification.name" value="Java Platform API Specification"/>
    <property name="java.awt.graphicsenv" value="sun.awt.Win32GraphicsEnvironment"/>
    <property name="surefire.real.class.path" value="C:\Users\91777\AppData\Local\Temp\surefire4686308379724814922\surefirebooter8613510686202265234.jar"/>
    <property name="sun.boot.class.path" value="C:\Program Files\Java\jdk1.8.0_281\jre\lib\resources.jar;C:\Program Files\Java\jdk1.8.0_281\jre\lib\rt.jar;C:\Program Files\Java\jdk1.8.0_281\jre\lib\sunrsasign.jar;C:\Program Files\Java\jdk1.8.0_281\jre\lib\jsse.jar;C:\Program Files\Java\jdk1.8.0_281\jre\lib\jce.jar;C:\Program Files\Java\jdk1.8.0_281\jre\lib\charsets.jar;C:\Program Files\Java\jdk1.8.0_281\jre\lib\jfr.jar;C:\Program Files\Java\jdk1.8.0_281\jre\classes"/>
    <property name="user.script" value=""/>
    <property name="sun.management.compiler" value="HotSpot 64-Bit Tiered Compilers"/>
    <property name="java.runtime.version" value="1.8.0_281-b09"/>
    <property name="user.name" value="91777"/>
    <property name="path.separator" value=";"/>
    <property name="os.version" value="10.0"/>
    <property name="java.endorsed.dirs" value="C:\Program Files\Java\jdk1.8.0_281\jre\lib\endorsed"/>
    <property name="java.runtime.name" value="Java(TM) SE Runtime Environment"/>
    <property name="file.encoding" value="Cp1252"/>
    <property name="java.vm.name" value="Java HotSpot(TM) 64-Bit Server VM"/>
    <property name="localRepository" value="C:\Users\91777\.m2\repository"/>
    <property name="java.vendor.url.bug" value="http://bugreport.sun.com/bugreport/"/>
    <property name="java.io.tmpdir" value="C:\Users\91777\AppData\Local\Temp\"/>
    <property name="java.version" value="1.8.0_281"/>
    <property name="user.dir" value="C:\Users\91777\eclipse-workspace\ExpediaProject"/>
    <property name="os.arch" value="amd64"/>
    <property name="java.vm.specification.name" value="Java Virtual Machine Specification"/>
    <property name="java.awt.printerjob" value="sun.awt.windows.WPrinterJob"/>
    <property name="sun.os.patch.level" value=""/>
    <property name="java.library.path" value="C:\Program Files\Java\jdk1.8.0_281\jre\bin;C:\WINDOWS\Sun\Java\bin;C:\WINDOWS\system32;C:\WINDOWS;C:\WINDOWS\system32;C:\WINDOWS;C:\WINDOWS\system32\Wbem;C:\Program Files\Java\jdk1.8.0_281\bin;C:\Program Files (x86)\Common Files\Oracle\Java\javapath;C:\app\91777\product\18.0.0\dbhomeXE\bin;C:\Windows\system32;C:\Windows;C:\Windows\System32\Wbem;C:\Windows\System32\WindowsPowerShell\v1.0\;C:\Windows\System32\OpenSSH\;C:\Program Files (x86)\NVIDIA Corporation\PhysX\Common;C:\Program Files\NVIDIA Corporation\NVIDIA NvDLISR;C:\WINDOWS\System32\WindowsPowerShell\v1.0\;C:\WINDOWS\System32\OpenSSH\;C:\Users\91777\Downloads\allure-2.13.6\bin;C:\apache-maven-3.6.3\bin;C:\Python\Python37\Scripts\;C:\Python\Python37\;C:\Users\91777\AppData\Local\Microsoft\WindowsApps;C:\Users\91777\AppData\Local\GitHubDesktop\bin;C:\ProgramData\91777\GitHubDesktop\bin;%USERPROFILE%\AppData\Local\Microsoft\WindowsApps;;."/>
    <property name="java.vm.info" value="mixed mode"/>
    <property name="java.vendor" value="Oracle Corporation"/>
    <property name="java.vm.version" value="25.281-b09"/>
    <property name="java.ext.dirs" value="C:\Program Files\Java\jdk1.8.0_281\jre\lib\ext;C:\WINDOWS\Sun\Java\lib\ext"/>
    <property name="sun.io.unicode.encoding" value="UnicodeLittle"/>
    <property name="java.class.version" value="52.0"/>
  </properties>
  <testcase name="multiSelection" classname="FactoryRunners.SelectingFlightRunner" time="11.285"/>
  <testcase name="onewaySelection" classname="FactoryRunners.SelectingFlightRunner" time="21.605"/>
  <testcase name="oneWayFlightBooking" classname="FactoryRunners.SystemTestCasesRunner" time="13.035"/>
  <testcase name="oneWayFlightBooking" classname="FactoryRunners.SystemTestCasesRunner" time="13.474"/>
  <testcase name="returnSelection" classname="FactoryRunners.SelectingFlightRunner" time="28.481"/>
  <testcase name="childTest" classname="FactoryRunners.CheckChildRunner" time="11.952"/>
  <testcase name="childTest" classname="FactoryRunners.CheckChildRunner" time="18.587"/>
  <testcase name="childTest" classname="FactoryRunners.CheckChildRunner" time="21.191"/>
  <testcase name="returnFlighBooking" classname="FactoryRunners.SystemTestCasesRunner" time="26.878">
    <failure message="Fields have changed compared to previous version." type="java.lang.AssertionError">java.lang.AssertionError: Fields have changed compared to previous version.
	at FactoryRunners.SystemTestCasesRunner.returnFlighBooking(SystemTestCasesRunner.java:85)
</failure>
    <system-err><![CDATA[Starting ChromeDriver 89.0.4389.23 (61b08ee2c50024bab004e48d2b1b083cdbdac579-refs/branch-heads/4389@{#294}) on port 31183
Only local connections are allowed.
Please see https://chromedriver.chromium.org/security-considerations for suggestions on keeping ChromeDriver safe.
ChromeDriver was started successfully.
]]></system-err>
  </testcase>
  <testcase name="returnFlighBooking" classname="FactoryRunners.SystemTestCasesRunner" time="27.356">
    <failure message="Fields have changed compared to previous version." type="java.lang.AssertionError">java.lang.AssertionError: Fields have changed compared to previous version.
	at FactoryRunners.SystemTestCasesRunner.returnFlighBooking(SystemTestCasesRunner.java:85)
</failure>
  </testcase>
  <testcase name="OneWayCheckoutTest" classname="FactoryRunners.CheckoutRunner" time="4.257">
    <failure message="Stopper effect observed, Version has changed and as a result unit testing cannot be carried out" type="java.lang.AssertionError">java.lang.AssertionError: Stopper effect observed, Version has changed and as a result unit testing cannot be carried out
	at FactoryRunners.CheckoutRunner.OneWayCheckoutTest(CheckoutRunner.java:27)
</failure>
    <system-out><![CDATA[Returned csv Rows : 1
Mr.
Mathew
Alex
9898989898
2333 3333 3333 3333
02-Feb
2025
123
India
Thane
Thane
Thane
123456
m
1
01-Jan
2000
tejas@gmail.com
Returned onewaybook csv Rows : 1
Mr.
Mathew
Alex
9898989898
2333 3333 3333 3333
02-Feb
2025
123
India
Thane
Thane
Thane
123456
m
01
01-Jan
2000
tejas@gmail.com
Mumbai
Delhi
15 April 2021
Delhi
Goa
16 April 2021
Returned onewaybook csv Rows : 1
Mr.
Mathew
Alex
9898989898
2333 3333 3333 3333
02-Feb
2025
123
India
Thane
Thane
Thane
123456
m
01
01-Jan
2000
tejas@gmail.com
Mumbai
Delhi
15 April 2021
Delhi
Goa
16 April 2021
2
Mumbai (BOM - Chhatrapati Shivaji Intl.)
Maharashtra, India
Search for “Mumbai”
2
2
Mumbai (BOM - Chhatrapati Shivaji Intl.)
Maharashtra, India
Search for “Mumbai”
2
9
Delhi (DEL - Indira Gandhi Intl.)
India
London (YXU - London Intl.)
Near Delhi, Ontario, Canada
Binghamton (BGM - Greater Binghamton)
Near Delhi, New York, United States of America
Monroe (MLU - Monroe Regional)
Near Delhi, Louisiana, United States of America
Los Angeles (QLA - All Airports)
Near Delhi, California, United States of America
Chennai (MAA - Chennai Intl.)
Near Delhi Gate, Walajapet, Tamil Nadu, India
Minneapolis (MSP - All Airports)
Near Delhi, Redwood Falls, Minnesota, United States of America
Delingha (HXD - Delingha)
Haixi Mongol and Tibetan Autonomous Prefecture, Qinghai, China
]]></system-out>
    <system-err><![CDATA[Apr 03, 2021 9:37:36 AM org.openqa.selenium.remote.ProtocolHandshake createSession
INFO: Detected dialect: W3C
]]></system-err>
  </testcase>
  <testcase name="multiCheckoutTest" classname="FactoryRunners.CheckoutRunner" time="7.376">
    <failure message="Stopper effect observed, Version has changed and as a result unit testing cannot be carried out" type="java.lang.AssertionError">java.lang.AssertionError: Stopper effect observed, Version has changed and as a result unit testing cannot be carried out
	at FactoryRunners.CheckoutRunner.multiCheckoutTest(CheckoutRunner.java:118)
</failure>
    <system-out><![CDATA[Returned csv Rows : 1
Mr.
Mathew
Alex
9898989898
2333 3333 3333 3333
02-Feb
2025
123
India
Thane
Thane
Thane
123456
m
1
01-Jan
2000
tejas@gmail.com
Search for “Delhi”
9
9
Delhi (DEL - Indira Gandhi Intl.)
India
London (YXU - London Intl.)
Near Delhi, Ontario, Canada
Binghamton (BGM - Greater Binghamton)
Near Delhi, New York, United States of America
Monroe (MLU - Monroe Regional)
Near Delhi, Louisiana, United States of America
Los Angeles (QLA - All Airports)
Near Delhi, California, United States of America
Chennai (MAA - Chennai Intl.)
Near Delhi Gate, Walajapet, Tamil Nadu, India
Minneapolis (MSP - All Airports)
Near Delhi, Redwood Falls, Minnesota, United States of America
Delingha (HXD - Delingha)
Haixi Mongol and Tibetan Autonomous Prefecture, Qinghai, China
Search for “Delhi”
9
2
Delhi (DEL - Indira Gandhi Intl.)
India
Search for “Delhi (DEL - Indira Gandhi Intl.)Delhi”
2
10
Delhi (DEL - Indira Gandhi Intl.)
India
London (YXU - London Intl.)
Near Delhi, Ontario, Canada
Binghamton (BGM - Greater Binghamton)
Near Delhi, New York, United States of America
Monroe (MLU - Monroe Regional)
Near Delhi, Louisiana, United States of America
Dubuque (DBQ - Dubuque Regional)
Near Delhi, Iowa, United States of America
Cincinnati (CVG - All Airports)
Near Delhi Hills, Cincinnati, Ohio, United States of America
Los Angeles (QLA - All Airports)
Near Delhi, California, United States of America
Minneapolis (MSP - All Airports)
Near Delhi, Redwood Falls, Minnesota, United States of America
Lansing (LAN - Capital Region Intl.)
Near Delhi Charter Township, Michigan, United States of America
Search for “Delhi”
10
11
Goa (GOI - Dabolim)
India
Genoa (GOA - Cristoforo Colombo)
Italy
Prince George (YXS - Prince George)
Near Goat River, British Columbia, Canada
Leeds (LBA - Leeds Bradford)
Near Goathland, Whitby, England, United Kingdom
Naga (WNP - Naga)
Near Goa, Bicol, Philippines
Providence (PVD - T.F. Green)
Near Goat Island, Newport, Rhode Island, United States of America
Ballina (BNK - Ballina-Byron Gateway)
Near Goat Island, New South Wales, Australia
Denpasar (DPS - Ngurah Rai Intl.)
Near Goa Lawah Beach, Dawan, Bali, Indonesia
Toulouse (TLS - Blagnac)
Near Goas, Tarn-et-Garonne, France
Cologne (CGN - All Airports)
Near Biebernheim, Sankt Goar, Rhineland-Palatinate, Germany
Search for “Goa”
11
11
Goa (GOI - Dabolim)
India
Genoa (GOA - Cristoforo Colombo)
Italy
Prince George (YXS - Prince George)
Near Goat River, British Columbia, Canada
Leeds (LBA - Leeds Bradford)
Near Goathland, Whitby, England, United Kingdom
Naga (WNP - Naga)
Near Goa, Bicol, Philippines
Providence (PVD - T.F. Green)
Near Goat Island, Newport, Rhode Island, United States of America
Ballina (BNK - Ballina-Byron Gateway)
Near Goat Island, New South Wales, Australia
Denpasar (DPS - Ngurah Rai Intl.)
Near Goa Lawah Beach, Dawan, Bali, Indonesia
Toulouse (TLS - Blagnac)
Near Goas, Tarn-et-Garonne, France
Cologne (CGN - All Airports)
Near Biebernheim, Sankt Goar, Rhineland-Palatinate, Germany
Search for “Goa”
11
First month is :April 2021
Month is : April Year is : 2021
No need to click
First month is :April 2021
Month is : April Year is : 2021
No need to click
]]></system-out>
  </testcase>
  <testcase name="returnCheckoutTest" classname="FactoryRunners.CheckoutRunner" time="18.39">
    <failure message="Stopper effect observed, Version has changed and as a result unit testing cannot be carried out" type="java.lang.AssertionError">java.lang.AssertionError: Stopper effect observed, Version has changed and as a result unit testing cannot be carried out
	at FactoryRunners.CheckoutRunner.returnCheckoutTest(CheckoutRunner.java:72)
</failure>
    <system-out><![CDATA[Returned csv Rows : 1
Mr.
Mathew
Alex
9898989898
2333 3333 3333 3333
02-Feb
2025
123
India
Thane
Thane
Thane
123456
m
1
01-Jan
2000
tejas@gmail.com
First month is :April 2021
Month is : April Year is : 2021
No need to click
First month is :April 2021
Month is : April Year is : 2021
No need to click
]]></system-out>
  </testcase>
  <testcase name="multiCityBooking" classname="FactoryRunners.SystemTestCasesRunner" time="19.2">
    <failure message="Fields have changed compared to previous version." type="java.lang.AssertionError">java.lang.AssertionError: Fields have changed compared to previous version.
	at FactoryRunners.SystemTestCasesRunner.multiCityBooking(SystemTestCasesRunner.java:106)
</failure>
    <system-out><![CDATA[One way csv rows3
2
Mumbai (BOM - Chhatrapati Shivaji Intl.)
Maharashtra, India
Search for “Mumbai”
2
6
Bengaluru (BLR - Kempegowda Intl.)
Karnataka, India
Kolkata (CCU - Netaji Subhash Chandra Bose Intl.)
West Bengal, India
Bagdogra (IXB - Bagdogra)
Near Darjiling, West Bengal, India
Bengkulu (BKS - Fatmawati Soekarno)
Bengkulu, Indonesia
Durgapur (RDP - Kazi Nazrul Islam)
Near Asansol, West Bengal, India
Search for “Bengarlu”
6
First month is :April 2021
Month is : April Year is : 2021
No need to click
]]></system-out>
    <system-err><![CDATA[Starting ChromeDriver 89.0.4389.23 (61b08ee2c50024bab004e48d2b1b083cdbdac579-refs/branch-heads/4389@{#294}) on port 20204
Only local connections are allowed.
Please see https://chromedriver.chromium.org/security-considerations for suggestions on keeping ChromeDriver safe.
ChromeDriver was started successfully.
Apr 03, 2021 9:38:27 AM org.openqa.selenium.remote.ProtocolHandshake createSession
INFO: Detected dialect: W3C
]]></system-err>
  </testcase>
  <testcase name="multiCityBooking" classname="FactoryRunners.SystemTestCasesRunner" time="19.569">
    <failure message="Fields have changed compared to previous version." type="java.lang.AssertionError">java.lang.AssertionError: Fields have changed compared to previous version.
	at FactoryRunners.SystemTestCasesRunner.multiCityBooking(SystemTestCasesRunner.java:106)
</failure>
  </testcase>
  <testcase name="oneWaySearching" classname="FactoryRunners.SearchingFlightsRunner" time="28.549"/>
  <testcase name="oneWaySearching" classname="FactoryRunners.SearchingFlightsRunner" time="25.653"/>
  <testcase name="oneWaySearching" classname="FactoryRunners.SearchingFlightsRunner" time="9.697"/>
  <testcase name="returnSearching" classname="FactoryRunners.SearchingFlightsRunner" time="23.729"/>
  <testcase name="returnSearching" classname="FactoryRunners.SearchingFlightsRunner" time="11.537"/>
  <testcase name="returnSearching" classname="FactoryRunners.SearchingFlightsRunner" time="23.636"/>
  <testcase name="multiSearching" classname="FactoryRunners.SearchingFlightsRunner" time="30.587"/>
  <testcase name="multiSearching" classname="FactoryRunners.SearchingFlightsRunner" time="27.107"/>
  <testcase name="multiSearching" classname="FactoryRunners.SearchingFlightsRunner" time="30.92"/>
</testsuite>