<?xml version="1.0" encoding="UTF-8"?>
<!-- Generated by org.testng.reporters.JUnitReportReporter -->
<testsuite skipped="0" hostname="sword" name="FactoryRunners.SelectingFlightRunner" tests="3" failures="0" timestamp="03 Apr 2021 04:12:01 GMT" time="78.667" errors="0">
  <testcase name="onewaySelection" time="21.603" classname="FactoryRunners.SelectingFlightRunner"/>
  <testcase name="multiSelection" time="28.587" classname="FactoryRunners.SelectingFlightRunner"/>
  <testcase name="returnSelection" time="28.477" classname="FactoryRunners.SelectingFlightRunner"/>
</testsuite> <!-- FactoryRunners.SelectingFlightRunner -->
