<?xml version="1.0" encoding="UTF-8"?>
<!-- Generated by org.testng.reporters.JUnitReportReporter -->
<testsuite skipped="0" hostname="sword" name="FactoryRunners.SearchingFlightsRunner" tests="9" failures="0" timestamp="03 Apr 2021 04:12:01 GMT" time="211.398" errors="0">
  <testcase name="oneWaySearching" time="25.651" classname="FactoryRunners.SearchingFlightsRunner"/>
  <testcase name="oneWaySearching" time="9.696" classname="FactoryRunners.SearchingFlightsRunner"/>
  <testcase name="oneWaySearching" time="28.545" classname="FactoryRunners.SearchingFlightsRunner"/>
  <testcase name="returnSearching" time="23.635" classname="FactoryRunners.SearchingFlightsRunner"/>
  <testcase name="returnSearching" time="11.536" classname="FactoryRunners.SearchingFlightsRunner"/>
  <testcase name="returnSearching" time="23.727" classname="FactoryRunners.SearchingFlightsRunner"/>
  <testcase name="multiSearching" time="30.918" classname="FactoryRunners.SearchingFlightsRunner"/>
  <testcase name="multiSearching" time="27.105" classname="FactoryRunners.SearchingFlightsRunner"/>
  <testcase name="multiSearching" time="30.585" classname="FactoryRunners.SearchingFlightsRunner"/>
</testsuite> <!-- FactoryRunners.SearchingFlightsRunner -->
