<?xml version="1.0" encoding="UTF-8"?>
<!-- Generated by org.testng.reporters.JUnitReportReporter -->
<testsuite skipped="0" hostname="sword" name="FactoryRunners.CheckChildRunner" tests="3" failures="0" timestamp="03 Apr 2021 04:12:01 GMT" time="51.723" errors="0">
  <testcase name="childTest" time="11.950" classname="FactoryRunners.CheckChildRunner"/>
  <testcase name="childTest" time="21.188" classname="FactoryRunners.CheckChildRunner"/>
  <testcase name="childTest" time="18.585" classname="FactoryRunners.CheckChildRunner"/>
</testsuite> <!-- FactoryRunners.CheckChildRunner -->
