<?xml version="1.0" encoding="UTF-8"?>
<!-- Generated by org.testng.reporters.JUnitReportReporter -->
<testsuite hostname="sword" failures="0" tests="4" name="FactoryRunners.NonFunctional" time="0.465" errors="0" timestamp="03 Apr 2021 05:55:28 GMT" skipped="0">
  <testcase classname="FactoryRunners.NonFunctional" name="buttonColorTest" time="0.029"/>
  <testcase classname="FactoryRunners.NonFunctional" name="buttonColorTest" time="0.146"/>
  <testcase classname="FactoryRunners.NonFunctional" name="buttonColorTest" time="0.168"/>
  <testcase classname="FactoryRunners.NonFunctional" name="buttonColorTest" time="0.122"/>
</testsuite> <!-- FactoryRunners.NonFunctional -->
