<?xml version="1.0" encoding="UTF-8"?>
<!-- Generated by org.testng.reporters.JUnitReportReporter -->
<testsuite hostname="sword" failures="0" tests="1" name="NewTest" time="0.485" errors="0" timestamp="26 Mar 2021 10:15:44 GMT" skipped="0">
  <testcase classname="NewTest" name="f" time="0.485"/>
</testsuite> <!-- NewTest -->
