<?xml version="1.0" encoding="UTF-8"?>
<!-- Generated by org.testng.reporters.JUnitReportReporter -->
<testsuite hostname="sword" failures="0" tests="9" name="FactoryRunners.SearchingFlightsRunner" time="207.022" errors="0" timestamp="03 Apr 2021 05:55:28 GMT" skipped="0">
  <testcase classname="FactoryRunners.SearchingFlightsRunner" name="oneWaySearching" time="27.690"/>
  <testcase classname="FactoryRunners.SearchingFlightsRunner" name="oneWaySearching" time="9.857"/>
  <testcase classname="FactoryRunners.SearchingFlightsRunner" name="oneWaySearching" time="23.110"/>
  <testcase classname="FactoryRunners.SearchingFlightsRunner" name="returnSearching" time="11.534"/>
  <testcase classname="FactoryRunners.SearchingFlightsRunner" name="returnSearching" time="23.274"/>
  <testcase classname="FactoryRunners.SearchingFlightsRunner" name="returnSearching" time="23.789"/>
  <testcase classname="FactoryRunners.SearchingFlightsRunner" name="multiSearching" time="28.773"/>
  <testcase classname="FactoryRunners.SearchingFlightsRunner" name="multiSearching" time="30.493"/>
  <testcase classname="FactoryRunners.SearchingFlightsRunner" name="multiSearching" time="28.502"/>
</testsuite> <!-- FactoryRunners.SearchingFlightsRunner -->
