<?xml version="1.0" encoding="UTF-8"?>
<!-- Generated by org.testng.reporters.JUnitReportReporter -->
<testsuite hostname="sword" failures="0" tests="3" name="FactoryRunners.SelectingFlightRunner" time="86.279" errors="0" timestamp="03 Apr 2021 05:55:28 GMT" skipped="0">
  <testcase classname="FactoryRunners.SelectingFlightRunner" name="onewaySelection" time="20.617"/>
  <testcase classname="FactoryRunners.SelectingFlightRunner" name="multiSelection" time="30.987"/>
  <testcase classname="FactoryRunners.SelectingFlightRunner" name="returnSelection" time="34.675"/>
</testsuite> <!-- FactoryRunners.SelectingFlightRunner -->
