<?xml version="1.0" encoding="UTF-8"?>
<!-- Generated by org.testng.reporters.JUnitReportReporter -->
<testsuite hostname="sword" failures="0" tests="3" name="FactoryRunners.CheckChildRunner" time="31.189" errors="0" timestamp="03 Apr 2021 05:55:28 GMT" skipped="0">
  <testcase classname="FactoryRunners.CheckChildRunner" name="childTest" time="6.543"/>
  <testcase classname="FactoryRunners.CheckChildRunner" name="childTest" time="5.899"/>
  <testcase classname="FactoryRunners.CheckChildRunner" name="childTest" time="18.747"/>
</testsuite> <!-- FactoryRunners.CheckChildRunner -->
